{
  "Unknown Test Framework": {
    "coverage": {
    },
    "timestamp": 1396882492
  },
  "RSpec": {
    "coverage": {
      "/Users/pkw220/Development/projects/chain-me-up/app/models/user.rb": [
        1,
        1,
        null,
        null,
        1,
        null,
        null,
        1,
        null,
        null,
        1,
        1,
        1,
        null,
        1,
        1,
        null,
        null,
        1,
        null,
        null,
        1,
        1,
        1,
        1,
        1,
        null,
        1,
        0,
        null,
        null,
        1,
        9,
        null,
        null,
        null
      ],
      "/Users/pkw220/Development/projects/chain-me-up/app/helpers/application_helper.rb": [
        1,
        null
      ],
      "/Users/pkw220/Development/projects/chain-me-up/app/helpers/tree_helper.rb": [
        1,
        null,
        null
      ],
      "/Users/pkw220/Development/projects/chain-me-up/app/helpers/welcome_helper.rb": [
        1,
        null
      ],
      "/Users/pkw220/Development/projects/chain-me-up/app/controllers/branches_controller.rb": [
        1,
        1,
        1,
        null,
        1,
        5,
        1,
        null,
        4,
        null,
        5,
        null,
        null,
        1,
        3,
        0,
        null,
        3,
        null,
        3,
        null,
        3,
        3,
        3,
        0,
        0,
        null,
        0,
        null,
        null,
        null,
        null,
        null,
        null
      ],
      "/Users/pkw220/Development/projects/chain-me-up/app/controllers/application_controller.rb": [
        1,
        null,
        null,
        1,
        1,
        null,
        1,
        null,
        1,
        0,
        0,
        null,
        0,
        0,
        null,
        null,
        null,
        1,
        null,
        1,
        8,
        null,
        null,
        1,
        0,
        0,
        0,
        null,
        null,
        null,
        1,
        8,
        8,
        0,
        null,
        null,
        null,
        null,
        1,
        0,
        null,
        null,
        1,
        1,
        null,
        null,
        1,
        0,
        0,
        null,
        0,
        0,
        null,
        0,
        null,
        0,
        0,
        null,
        0,
        0,
        0,
        0,
        null,
        0,
        null,
        null,
        null
      ],
      "/Users/pkw220/Development/projects/chain-me-up/app/controllers/trees_controller.rb": [
        1,
        1,
        1,
        1,
        null,
        1,
        4,
        4,
        0,
        null,
        null,
        null,
        1,
        1,
        1,
        1,
        1,
        null,
        0,
        null,
        null,
        null,
        1,
        1,
        null,
        null,
        1,
        0,
        0,
        0,
        null,
        0,
        null,
        0,
        0,
        null,
        null,
        0,
        0,
        0,
        null,
        null,
        null,
        1,
        null,
        1,
        1,
        null,
        null,
        null
      ],
      "/Users/pkw220/Development/projects/chain-me-up/app/controllers/welcome_controller.rb": [
        1,
        1,
        null,
        1,
        1,
        1,
        1,
        null,
        1,
        2,
        1,
        0,
        null,
        null,
        null,
        1,
        0,
        0,
        0,
        null,
        0,
        0,
        0,
        null,
        null,
        null
      ],
      "/Users/pkw220/Development/projects/chain-me-up/app/models/prompt.rb": [
        1,
        1,
        1,
        null,
        1,
        4,
        null,
        null
      ],
      "/Users/pkw220/Development/projects/chain-me-up/app/models/tree.rb": [
        1,
        null,
        1,
        1,
        1,
        1,
        null,
        1,
        null,
        1,
        1,
        1,
        1,
        null,
        1,
        null,
        1,
        10,
        null,
        null,
        1,
        21,
        21,
        15,
        24,
        null,
        null,
        21,
        null,
        null,
        1,
        7,
        0,
        7,
        0,
        null,
        7,
        16,
        7,
        7,
        7,
        7,
        null,
        0,
        null,
        null,
        null,
        null,
        1,
        7,
        7,
        7,
        7,
        7,
        null,
        null,
        1,
        0,
        0,
        null,
        0,
        null,
        null,
        null,
        1,
        0,
        null,
        null,
        null,
        1,
        2,
        null,
        null,
        1,
        null,
        1,
        5,
        5,
        5,
        5,
        9,
        9,
        5,
        null,
        null,
        5,
        null,
        null,
        1,
        5,
        5,
        9,
        null,
        5,
        null,
        null,
        1,
        9,
        9,
        4,
        null,
        null,
        null,
        1,
        34,
        null,
        null,
        null
      ],
      "/Users/pkw220/Development/projects/chain-me-up/app/models/invitation.rb": [
        1,
        1,
        1,
        null,
        1,
        1,
        1,
        1,
        null,
        1,
        null,
        1,
        null,
        1,
        0,
        null,
        null,
        1,
        0,
        null,
        null,
        null
      ]
    },
    "timestamp": 1396883544
  }
}
